<?xml version="1.0" encoding="UTF-8"?>
<!-- Generated by org.testng.reporters.JUnitReportReporter -->
<testsuite hostname="DESKTOP-H79G770" failures="0" tests="1" name="batch.Demo" time="0.016" errors="0" timestamp="2024-06-03T10:49:02 IST" skipped="0">
  <testcase classname="batch.Demo" name="login" time="0.016"/>
  <system-out/>
</testsuite> <!-- batch.Demo -->
