<?xml version="1.0" encoding="UTF-8"?>
<!-- Generated by org.testng.reporters.JUnitReportReporter -->
<testsuite hostname="DESKTOP-H79G770" failures="0" tests="2" name="com.TestLayer.LoginTestLayer" time="1.166" errors="0" timestamp="2024-06-24T15:00:45 IST" skipped="0">
  <testcase classname="com.TestLayer.LoginTestLayer" name="checkforgetpwd_linkExist" time="0.259"/>
  <system-out/>
  <testcase classname="com.TestLayer.LoginTestLayer" name="login" time="0.907"/>
  <system-out/>
</testsuite> <!-- com.TestLayer.LoginTestLayer -->
