<?xml version="1.0" encoding="UTF-8"?>
<!-- Generated by org.testng.reporters.JUnitReportReporter -->
<testsuite hostname="DESKTOP-H79G770" failures="0" tests="2" name="com.tests.LoginTests" time="2.128" errors="0" timestamp="2024-06-24T13:29:06 IST" skipped="0">
  <testcase classname="com.tests.LoginTests" name="checkforgetpwd_linkExist" time="0.231"/>
  <system-out/>
  <testcase classname="com.tests.LoginTests" name="login" time="1.897"/>
  <system-out/>
</testsuite> <!-- com.tests.LoginTests -->
