<?xml version="1.0" encoding="UTF-8"?>
<!-- Generated by org.testng.reporters.JUnitReportReporter -->
<testsuite hostname="DESKTOP-H79G770" failures="0" tests="1" name="batch.FbLogin" time="0.000" errors="0" timestamp="2024-07-02T10:45:38 IST" skipped="1">
  <testcase classname="batch.FbLogin" name="do_fbLogin" time="0.000">
    <skipped/>
  </testcase> <!-- do_fbLogin -->
  <system-out/>
</testsuite> <!-- batch.FbLogin -->
