<?xml version="1.0" encoding="UTF-8"?>
<!-- Generated by org.testng.reporters.JUnitReportReporter -->
<testsuite hostname="DESKTOP-H79G770" failures="0" tests="2" name="batch.Annotations" time="0.044" errors="0" timestamp="2024-06-05T15:02:02 IST" skipped="0">
  <testcase classname="batch.Annotations" name="test1" time="0.027"/>
  <system-out/>
  <testcase classname="batch.Annotations" name="test2" time="0.017"/>
  <system-out/>
</testsuite> <!-- batch.Annotations -->
