<?xml version="1.0" encoding="UTF-8"?>
<!-- Generated by org.testng.reporters.JUnitReportReporter -->
<testsuite hostname="DESKTOP-H79G770" failures="0" tests="2" name="batch.Class3" time="0.011" errors="0" timestamp="2024-06-13T14:36:49 IST" skipped="0">
  <testcase classname="batch.Class3" name="m3" time="0.006"/>
  <system-out/>
  <testcase classname="batch.Class3" name="m4" time="0.005"/>
  <system-out/>
</testsuite> <!-- batch.Class3 -->
