<?xml version="1.0" encoding="UTF-8"?>
<!-- Generated by org.testng.reporters.JUnitReportReporter -->
<testsuite hostname="DESKTOP-H79G770" failures="0" tests="2" name="batch.FBcheck" time="1.222" errors="0" timestamp="2024-06-11T14:06:21 IST" skipped="0">
  <testcase classname="batch.FBcheck" name="fbTitle" time="1.203"/>
  <system-out/>
  <testcase classname="batch.FBcheck" name="fbUrl" time="0.019"/>
  <system-out/>
</testsuite> <!-- batch.FBcheck -->
