<?xml version="1.0" encoding="UTF-8"?>
<!-- Generated by org.testng.reporters.JUnitReportReporter -->
<testsuite hostname="DESKTOP-H79G770" failures="0" tests="1" name="batch.Class2" time="0.017" errors="0" timestamp="2024-06-13T14:36:49 IST" skipped="0">
  <testcase classname="batch.Class2" name="m6" time="0.017"/>
  <system-out/>
</testsuite> <!-- batch.Class2 -->
