<?xml version="1.0" encoding="UTF-8"?>
<!-- Generated by org.testng.reporters.JUnitReportReporter -->
<testsuite hostname="DESKTOP-H79G770" failures="0" tests="2" name="batch.Class1" time="0.014" errors="0" timestamp="2024-06-13T14:36:49 IST" skipped="0">
  <testcase classname="batch.Class1" name="m5" time="0.002"/>
  <system-out/>
  <testcase classname="batch.Class1" name="m1" time="0.012"/>
  <system-out/>
</testsuite> <!-- batch.Class1 -->
